0 info it worked if it ends with ok
1 verbose cli [ '/usr/local/bin/node', '/usr/local/bin/npm', 'run', 'build' ]
2 info using npm@3.8.9
3 info using node@v6.2.0
4 verbose run-script [ 'prebuild', 'build', 'postbuild' ]
5 info lifecycle dingdong@0.0.2~prebuild: dingdong@0.0.2
6 silly lifecycle dingdong@0.0.2~prebuild: no script for prebuild, continuing
7 info lifecycle dingdong@0.0.2~build: dingdong@0.0.2
8 verbose lifecycle dingdong@0.0.2~build: unsafe-perm in lifecycle true
9 verbose lifecycle dingdong@0.0.2~build: PATH: /usr/local/lib/node_modules/npm/bin/node-gyp-bin:/Users/lilili/Desktop/partTime/schedule/src/main/webapps/schedule/node_modules/.bin:/usr/local/bin:/Users/lilili/bin:/usr/local/bin:/usr/local/bin:/usr/bin:/bin:/usr/sbin:/sbin:/usr/local/go/bin:/Users/lilili/go/bin:/mysql/mysql-5.7.13-osx10.11-x86_64/bin:/Users/lilili/.rvm/bin:/usr/local/mysql/bin:/Users/robbie/apache-maven-3.3.3/bin
10 verbose lifecycle dingdong@0.0.2~build: CWD: /Users/lilili/Desktop/partTime/schedule/src/main/webapps/schedule
11 silly lifecycle dingdong@0.0.2~build: Args: [ '-c',
11 silly lifecycle   'browserify . -t [envify --NODE_ENV production] | uglifyjs -cm > js/bundle.min.js' ]
12 silly lifecycle dingdong@0.0.2~build: Returned: code: 1  signal: null
13 info lifecycle dingdong@0.0.2~build: Failed to exec build script
14 verbose stack Error: dingdong@0.0.2 build: `browserify . -t [envify --NODE_ENV production] | uglifyjs -cm > js/bundle.min.js`
14 verbose stack Exit status 1
14 verbose stack     at EventEmitter.<anonymous> (/usr/local/lib/node_modules/npm/lib/utils/lifecycle.js:245:16)
14 verbose stack     at emitTwo (events.js:106:13)
14 verbose stack     at EventEmitter.emit (events.js:191:7)
14 verbose stack     at ChildProcess.<anonymous> (/usr/local/lib/node_modules/npm/lib/utils/spawn.js:24:14)
14 verbose stack     at emitTwo (events.js:106:13)
14 verbose stack     at ChildProcess.emit (events.js:191:7)
14 verbose stack     at maybeClose (internal/child_process.js:850:16)
14 verbose stack     at Process.ChildProcess._handle.onexit (internal/child_process.js:215:5)
15 verbose pkgid dingdong@0.0.2
16 verbose cwd /Users/lilili/Desktop/partTime/schedule/src/main/webapps/schedule
17 error Darwin 15.3.0
18 error argv "/usr/local/bin/node" "/usr/local/bin/npm" "run" "build"
19 error node v6.2.0
20 error npm  v3.8.9
21 error code ELIFECYCLE
22 error dingdong@0.0.2 build: `browserify . -t [envify --NODE_ENV production] | uglifyjs -cm > js/bundle.min.js`
22 error Exit status 1
23 error Failed at the dingdong@0.0.2 build script 'browserify . -t [envify --NODE_ENV production] | uglifyjs -cm > js/bundle.min.js'.
23 error Make sure you have the latest version of node.js and npm installed.
23 error If you do, this is most likely a problem with the dingdong package,
23 error not with npm itself.
23 error Tell the author that this fails on your system:
23 error     browserify . -t [envify --NODE_ENV production] | uglifyjs -cm > js/bundle.min.js
23 error You can get information on how to open an issue for this project with:
23 error     npm bugs dingdong
23 error Or if that isn't available, you can get their info via:
23 error     npm owner ls dingdong
23 error There is likely additional logging output above.
24 verbose exit [ 1, true ]
